Build started 28.06.2016 16:06:25.
     1>Project "C:\Users\ywen\Desktop\work\glog\vsprojects\libglog\libglog.vcxproj" on node 2 (Build target(s)).
     1>ClCompile:
         C:\Program Files (x86)\Microsoft Visual Studio 12.0\VC\bin\CL.exe /c /I..\..\src\windows /Zi /nologo /W3 /WX- /O2 /Oi /Oy- /GL /D WIN32 /D NDEBUG /D _WINDOWS /D _USRDLL /D LIBGLOG_EXPORTS /D _WINDLL /D _UNICODE /D UNICODE /Gm- /EHsc /MD /GS /Gy /fp:precise /Zc:wchar_t /Zc:forScope /Fo"Release\\" /Fd"Release\vc120.pdb" /Gd /TP /analyze- /errorReport:prompt ..\..\src\logging.cc ..\..\src\windows\port.cc ..\..\src\raw_logging.cc ..\..\src\utilities.cc ..\..\src\vlog_is_on.cc
         logging.cc
         port.cc
         raw_logging.cc
         utilities.cc
         vlog_is_on.cc
       Link:
         C:\Program Files (x86)\Microsoft Visual Studio 12.0\VC\bin\link.exe /ERRORREPORT:PROMPT /OUT:"C:\Users\ywen\Desktop\work\glog\Release\libglog.dll" /INCREMENTAL:NO /NOLOGO kernel32.lib user32.lib gdi32.lib winspool.lib comdlg32.lib advapi32.lib shell32.lib ole32.lib oleaut32.lib uuid.lib odbc32.lib odbccp32.lib /MANIFEST /MANIFESTUAC:"level='asInvoker' uiAccess='false'" /manifest:embed /DEBUG /PDB:"C:\Users\ywen\Desktop\work\glog\Release\libglog.pdb" /SUBSYSTEM:WINDOWS /OPT:REF /OPT:ICF /LTCG /TLBID:1 /DYNAMICBASE /NXCOMPAT /IMPLIB:"C:\Users\ywen\Desktop\work\glog\Release\libglog.lib" /MACHINE:X86 /SAFESEH /DLL Release\logging.obj
         Release\port.obj
         Release\raw_logging.obj
         Release\utilities.obj
         Release\vlog_is_on.obj
            Creating library C:\Users\ywen\Desktop\work\glog\Release\libglog.lib and object C:\Users\ywen\Desktop\work\glog\Release\libglog.exp
         Generating code
     1>c:\users\ywen\desktop\work\glog\src\windows\glog\logging.h(1599): warning C4722: 'google::NullStreamFatal::~NullStreamFatal' : destructor never returns, potential memory leak
         Finished generating code
         libglog.vcxproj -> C:\Users\ywen\Desktop\work\glog\Release\libglog.dll
     1>Done Building Project "C:\Users\ywen\Desktop\work\glog\vsprojects\libglog\libglog.vcxproj" (Build target(s)).

Build succeeded.

Time Elapsed 00:00:04.76
